{"/Users/jamesbryant1/Desktop/Gemba Fix Project/frontend/src/components/ManualViewer.tsx": {"path":"/Users/jamesbryant1/Desktop/Gemba Fix Project/frontend/src/components/ManualViewer.tsx","statementMap":{"0":{"start":{"line":1,"column":0},"end":{"line":1,"column":51}},"1":{"start":{"line":2,"column":0},"end":{"line":2,"column":81}},"2":{"start":{"line":3,"column":0},"end":{"line":3,"column":53}},"3":{"start":{"line":4,"column":0},"end":{"line":4,"column":49}},"4":{"start":{"line":6,"column":0},"end":{"line":6,"column":49}},"5":{"start":{"line":7,"column":0},"end":{"line":7,"column":43}},"6":{"start":{"line":15,"column":28},"end":{"line":166,"column":1}},"7":{"start":{"line":15,"column":38},"end":{"line":15,"column":40}},"8":{"start":{"line":15,"column":54},"end":{"line":15,"column":56}},"9":{"start":{"line":15,"column":62},"end":{"line":15,"column":83}},"10":{"start":{"line":16,"column":36},"end":{"line":16,"column":51}},"11":{"start":{"line":16,"column":18},"end":{"line":16,"column":20}},"12":{"start":{"line":16,"column":32},"end":{"line":16,"column":36}},"13":{"start":{"line":17,"column":38},"end":{"line":17,"column":50}},"14":{"start":{"line":17,"column":19},"end":{"line":17,"column":21}},"15":{"start":{"line":17,"column":34},"end":{"line":17,"column":38}},"16":{"start":{"line":18,"column":36},"end":{"line":18,"column":60}},"17":{"start":{"line":18,"column":18},"end":{"line":18,"column":20}},"18":{"start":{"line":18,"column":32},"end":{"line":18,"column":36}},"19":{"start":{"line":19,"column":36},"end":{"line":19,"column":51}},"20":{"start":{"line":19,"column":18},"end":{"line":19,"column":20}},"21":{"start":{"line":19,"column":32},"end":{"line":19,"column":36}},"22":{"start":{"line":20,"column":40},"end":{"line":20,"column":69}},"23":{"start":{"line":20,"column":20},"end":{"line":20,"column":22}},"24":{"start":{"line":20,"column":36},"end":{"line":20,"column":40}},"25":{"start":{"line":22,"column":2},"end":{"line":28,"column":3}},"26":{"start":{"line":23,"column":4},"end":{"line":27,"column":6}},"27":{"start":{"line":31,"column":2},"end":{"line":43,"column":16}},"28":{"start":{"line":32,"column":4},"end":{"line":32,"column":25}},"29":{"start":{"line":32,"column":18},"end":{"line":32,"column":25}},"30":{"start":{"line":33,"column":27},"end":{"line":41,"column":6}},"31":{"start":{"line":34,"column":30},"end":{"line":38,"column":null}},"32":{"start":{"line":34,"column":12},"end":{"line":34,"column":30}},"33":{"start":{"line":39,"column":6},"end":{"line":40,"column":36}},"34":{"start":{"line":39,"column":17},"end":{"line":39,"column":47}},"35":{"start":{"line":40,"column":11},"end":{"line":40,"column":36}},"36":{"start":{"line":42,"column":4},"end":{"line":42,"column":21}},"37":{"start":{"line":45,"column":23},"end":{"line":49,"column":3}},"38":{"start":{"line":46,"column":4},"end":{"line":46,"column":23}},"39":{"start":{"line":47,"column":4},"end":{"line":47,"column":23}},"40":{"start":{"line":48,"column":4},"end":{"line":48,"column":47}},"41":{"start":{"line":48,"column":21},"end":{"line":48,"column":42}},"42":{"start":{"line":51,"column":32},"end":{"line":93,"column":4}},"43":{"start":{"line":51,"column":77},"end":{"line":93,"column":4}},"44":{"start":{"line":52,"column":4},"end":{"line":52,"column":25}},"45":{"start":{"line":53,"column":4},"end":{"line":53,"column":23}},"46":{"start":{"line":55,"column":12},"end":{"line":55,"column":39}},"47":{"start":{"line":56,"column":6},"end":{"line":56,"column":53}},"48":{"start":{"line":56,"column":17},"end":{"line":56,"column":53}},"49":{"start":{"line":57,"column":6},"end":{"line":57,"column":89}},"50":{"start":{"line":57,"column":43},"end":{"line":57,"column":89}},"51":{"start":{"line":59,"column":26},"end":{"line":59,"column":null}},"52":{"start":{"line":59,"column":12},"end":{"line":59,"column":null}},"53":{"start":{"line":60,"column":18},"end":{"line":60,"column":null}},"54":{"start":{"line":60,"column":12},"end":{"line":60,"column":null}},"55":{"start":{"line":61,"column":10},"end":{"line":61,"column":29}},"56":{"start":{"line":62,"column":15},"end":{"line":62,"column":22}},"57":{"start":{"line":62,"column":22},"end":{"line":62,"column":41}},"58":{"start":{"line":62,"column":39},"end":{"line":62,"column":41}},"59":{"start":{"line":63,"column":21},"end":{"line":63,"column":null}},"60":{"start":{"line":63,"column":14},"end":{"line":63,"column":null}},"61":{"start":{"line":64,"column":24},"end":{"line":64,"column":null}},"62":{"start":{"line":64,"column":14},"end":{"line":64,"column":null}},"63":{"start":{"line":65,"column":8},"end":{"line":65,"column":85}},"64":{"start":{"line":65,"column":58},"end":{"line":65,"column":67}},"65":{"start":{"line":62,"column":41},"end":{"line":62,"column":null}},"66":{"start":{"line":68,"column":12},"end":{"line":68,"column":69}},"67":{"start":{"line":69,"column":37},"end":{"line":69,"column":null}},"68":{"start":{"line":69,"column":14},"end":{"line":69,"column":37}},"69":{"start":{"line":70,"column":6},"end":{"line":70,"column":41}},"70":{"start":{"line":70,"column":23},"end":{"line":70,"column":41}},"71":{"start":{"line":72,"column":19},"end":{"line":72,"column":27}},"72":{"start":{"line":72,"column":44},"end":{"line":72,"column":74}},"73":{"start":{"line":72,"column":43},"end":{"line":72,"column":87}},"74":{"start":{"line":72,"column":87},"end":{"line":72,"column":null}},"75":{"start":{"line":72,"column":12},"end":{"line":72,"column":null}},"76":{"start":{"line":73,"column":33},"end":{"line":79,"column":null}},"77":{"start":{"line":73,"column":21},"end":{"line":73,"column":33}},"78":{"start":{"line":80,"column":6},"end":{"line":80,"column":33}},"79":{"start":{"line":80,"column":19},"end":{"line":80,"column":33}},"80":{"start":{"line":82,"column":23},"end":{"line":86,"column":null}},"81":{"start":{"line":82,"column":14},"end":{"line":82,"column":23}},"82":{"start":{"line":87,"column":6},"end":{"line":87,"column":31}},"83":{"start":{"line":89,"column":6},"end":{"line":89,"column":53}},"84":{"start":{"line":91,"column":6},"end":{"line":91,"column":26}},"85":{"start":{"line":95,"column":28},"end":{"line":98,"column":null}},"86":{"start":{"line":97,"column":6},"end":{"line":98,"column":null}},"87":{"start":{"line":101,"column":2},"end":{"line":165,"column":4}},"88":{"start":{"line":127,"column":29},"end":{"line":127,"column":null}},"89":{"start":{"line":142,"column":44},"end":{"line":160,"column":14}},"90":{"start":{"line":145,"column":31},"end":{"line":145,"column":null}},"91":{"start":{"line":15,"column":13},"end":{"line":15,"column":28}}},"fnMap":{"0":{"name":"(anonymous_22)","decl":{"start":{"line":15,"column":28},"end":{"line":15,"column":29}},"loc":{"start":{"line":15,"column":83},"end":{"line":166,"column":1}}},"1":{"name":"(anonymous_23)","decl":{"start":{"line":31,"column":12},"end":{"line":31,"column":null}},"loc":{"start":{"line":31,"column":12},"end":{"line":43,"column":3}}},"2":{"name":"(anonymous_24)","decl":{"start":{"line":33,"column":27},"end":{"line":33,"column":null}},"loc":{"start":{"line":33,"column":27},"end":{"line":41,"column":6}}},"3":{"name":"(anonymous_27)","decl":{"start":{"line":45,"column":23},"end":{"line":45,"column":24}},"loc":{"start":{"line":45,"column":59},"end":{"line":49,"column":3}}},"4":{"name":"(anonymous_28)","decl":{"start":{"line":48,"column":15},"end":{"line":48,"column":21}},"loc":{"start":{"line":48,"column":15},"end":{"line":48,"column":33}}},"5":{"name":"(anonymous_29)","decl":{"start":{"line":51,"column":32},"end":{"line":51,"column":39}},"loc":{"start":{"line":51,"column":77},"end":{"line":93,"column":4}}},"6":{"name":"(anonymous_30)","decl":{"start":{"line":51,"column":77},"end":{"line":51,"column":null}},"loc":{"start":{"line":51,"column":77},"end":{"line":93,"column":4}}},"7":{"name":"(anonymous_32)","decl":{"start":{"line":65,"column":43},"end":{"line":65,"column":44}},"loc":{"start":{"line":65,"column":53},"end":{"line":65,"column":62}}},"8":{"name":"(anonymous_33)","decl":{"start":{"line":96,"column":4},"end":{"line":96,"column":5}},"loc":{"start":{"line":96,"column":8},"end":{"line":97,"column":9}}},"9":{"name":"(anonymous_34)","decl":{"start":{"line":127,"column":22},"end":{"line":127,"column":23}},"loc":{"start":{"line":127,"column":24},"end":{"line":127,"column":42}}},"10":{"name":"(anonymous_35)","decl":{"start":{"line":142,"column":35},"end":{"line":142,"column":36}},"loc":{"start":{"line":142,"column":39},"end":{"line":142,"column":null}}},"11":{"name":"(anonymous_36)","decl":{"start":{"line":145,"column":25},"end":{"line":145,"column":31}},"loc":{"start":{"line":145,"column":25},"end":{"line":145,"column":45}}}},"branchMap":{"0":{"loc":{"start":{"line":22,"column":2},"end":{"line":28,"column":3}},"type":"if","locations":[{"start":{"line":22,"column":2},"end":{"line":28,"column":3}},{"start":{},"end":{}}]},"1":{"loc":{"start":{"line":32,"column":4},"end":{"line":32,"column":25}},"type":"if","locations":[{"start":{"line":32,"column":4},"end":{"line":32,"column":25}},{"start":{},"end":{}}]},"2":{"loc":{"start":{"line":34,"column":30},"end":{"line":38,"column":null}},"type":"switch","locations":[{"start":{"line":34,"column":30},"end":{"line":38,"column":null}}]},"3":{"loc":{"start":{"line":39,"column":6},"end":{"line":40,"column":36}},"type":"if","locations":[{"start":{"line":39,"column":6},"end":{"line":40,"column":36}},{"start":{"line":40,"column":11},"end":{"line":40,"column":36}}]},"4":{"loc":{"start":{"line":40,"column":24},"end":{"line":40,"column":34}},"type":"binary-expr","locations":[{"start":{"line":40,"column":24},"end":{"line":40,"column":28}},{"start":{"line":40,"column":32},"end":{"line":40,"column":34}}]},"5":{"loc":{"start":{"line":55,"column":19},"end":{"line":55,"column":38}},"type":"cond-expr","locations":[{"start":{"line":55,"column":33},"end":{"line":55,"column":36}},{"start":{"line":55,"column":33},"end":{"line":55,"column":38}}]},"6":{"loc":{"start":{"line":55,"column":19},"end":{"line":55,"column":36}},"type":"binary-expr","locations":[{"start":{"line":55,"column":19},"end":{"line":55,"column":36}},{"start":{"line":55,"column":33},"end":{"line":55,"column":36}}]},"7":{"loc":{"start":{"line":56,"column":6},"end":{"line":56,"column":53}},"type":"if","locations":[{"start":{"line":56,"column":6},"end":{"line":56,"column":53}},{"start":{},"end":{}}]},"8":{"loc":{"start":{"line":57,"column":6},"end":{"line":57,"column":89}},"type":"if","locations":[{"start":{"line":57,"column":6},"end":{"line":57,"column":89}},{"start":{},"end":{}}]},"9":{"loc":{"start":{"line":62,"column":22},"end":{"line":62,"column":41}},"type":"if","locations":[{"start":{"line":62,"column":22},"end":{"line":62,"column":41}},{"start":{},"end":{}}]},"10":{"loc":{"start":{"line":70,"column":6},"end":{"line":70,"column":41}},"type":"if","locations":[{"start":{"line":70,"column":6},"end":{"line":70,"column":41}},{"start":{},"end":{}}]},"11":{"loc":{"start":{"line":72,"column":19},"end":{"line":72,"column":27}},"type":"if","locations":[{"start":{"line":72,"column":19},"end":{"line":72,"column":27}},{"start":{},"end":{}}]},"12":{"loc":{"start":{"line":75,"column":21},"end":{"line":75,"column":37}},"type":"binary-expr","locations":[{"start":{"line":75,"column":21},"end":{"line":75,"column":29}},{"start":{"line":75,"column":33},"end":{"line":75,"column":37}}]},"13":{"loc":{"start":{"line":75,"column":21},"end":{"line":75,"column":29}},"type":"cond-expr","locations":[{"start":{"line":75,"column":25},"end":{"line":75,"column":27}},{"start":{"line":75,"column":21},"end":{"line":75,"column":29}}]},"14":{"loc":{"start":{"line":75,"column":21},"end":{"line":75,"column":27}},"type":"binary-expr","locations":[{"start":{"line":75,"column":21},"end":{"line":75,"column":27}},{"start":{"line":75,"column":21},"end":{"line":75,"column":27}}]},"15":{"loc":{"start":{"line":80,"column":6},"end":{"line":80,"column":33}},"type":"if","locations":[{"start":{"line":80,"column":6},"end":{"line":80,"column":33}},{"start":{},"end":{}}]},"16":{"loc":{"start":{"line":87,"column":19},"end":{"line":87,"column":29}},"type":"binary-expr","locations":[{"start":{"line":87,"column":19},"end":{"line":87,"column":23}},{"start":{"line":87,"column":27},"end":{"line":87,"column":29}}]},"17":{"loc":{"start":{"line":89,"column":21},"end":{"line":89,"column":51}},"type":"binary-expr","locations":[{"start":{"line":89,"column":21},"end":{"line":89,"column":32}},{"start":{"line":89,"column":36},"end":{"line":89,"column":51}}]},"18":{"loc":{"start":{"line":97,"column":6},"end":{"line":98,"column":97}},"type":"binary-expr","locations":[{"start":{"line":97,"column":6},"end":{"line":97,"column":67}},{"start":{"line":98,"column":7},"end":{"line":98,"column":25}},{"start":{"line":98,"column":29},"end":{"line":98,"column":96}}]},"19":{"loc":{"start":{"line":116,"column":11},"end":{"line":116,"column":58}},"type":"cond-expr","locations":[{"start":{"line":116,"column":23},"end":{"line":116,"column":37}},{"start":{"line":116,"column":40},"end":{"line":116,"column":58}}]},"20":{"loc":{"start":{"line":120,"column":7},"end":{"line":120,"column":76}},"type":"binary-expr","locations":[{"start":{"line":120,"column":7},"end":{"line":120,"column":18}},{"start":{"line":120,"column":22},"end":{"line":120,"column":76}}]},"21":{"loc":{"start":{"line":131,"column":11},"end":{"line":131,"column":77}},"type":"binary-expr","locations":[{"start":{"line":131,"column":11},"end":{"line":131,"column":20}},{"start":{"line":131,"column":24},"end":{"line":131,"column":77}}]},"22":{"loc":{"start":{"line":136,"column":9},"end":{"line":161,"column":null}},"type":"cond-expr","locations":[{"start":{"line":137,"column":10},"end":{"line":138,"column":null}},{"start":{"line":141,"column":10},"end":{"line":160,"column":null}}]}},"s":{"0":1,"1":1,"2":1,"3":1,"4":1,"5":1,"6":1,"7":3,"8":2,"9":2,"10":2,"11":2,"12":2,"13":2,"14":2,"15":2,"16":2,"17":2,"18":2,"19":2,"20":2,"21":2,"22":2,"23":2,"24":2,"25":2,"26":0,"27":2,"28":1,"29":0,"30":2,"31":1,"32":1,"33":1,"34":0,"35":1,"36":1,"37":2,"38":0,"39":0,"40":0,"41":0,"42":2,"43":0,"44":0,"45":0,"46":0,"47":0,"48":0,"49":0,"50":0,"51":0,"52":0,"53":0,"54":0,"55":0,"56":0,"57":0,"58":0,"59":0,"60":0,"61":0,"62":0,"63":0,"64":0,"65":0,"66":0,"67":0,"68":0,"69":0,"70":0,"71":0,"72":0,"73":0,"74":0,"75":0,"76":0,"77":0,"78":0,"79":0,"80":0,"81":0,"82":0,"83":0,"84":0,"85":2,"86":0,"87":2,"88":0,"89":0,"90":0,"91":1},"f":{"0":3,"1":1,"2":2,"3":0,"4":0,"5":0,"6":0,"7":0,"8":0,"9":0,"10":0,"11":0},"b":{"0":[0,2],"1":[0,1],"2":[1],"3":[0,1],"4":[1,0],"5":[0,0],"6":[0,0],"7":[0,0],"8":[0,0],"9":[0,0],"10":[0,0],"11":[0,0],"12":[0,0],"13":[0,0],"14":[0,0],"15":[0,0],"16":[0,0],"17":[0,0],"18":[0,0,0],"19":[0,2],"20":[2,0],"21":[2,0],"22":[2,0]}}
,"/Users/jamesbryant1/Desktop/Gemba Fix Project/frontend/src/components/ui/LoadingSpinner.tsx": {"path":"/Users/jamesbryant1/Desktop/Gemba Fix Project/frontend/src/components/ui/LoadingSpinner.tsx","statementMap":{"0":{"start":{"line":1,"column":0},"end":{"line":1,"column":26}},"1":{"start":{"line":3,"column":30},"end":{"line":34,"column":1}},"2":{"start":{"line":3,"column":33},"end":{"line":3,"column":42}},"3":{"start":{"line":3,"column":42},"end":{"line":3,"column":49}},"4":{"start":{"line":3,"column":49},"end":{"line":3,"column":53}},"5":{"start":{"line":3,"column":53},"end":{"line":3,"column":62}},"6":{"start":{"line":4,"column":22},"end":{"line":8,"column":4}},"7":{"start":{"line":10,"column":2},"end":{"line":33,"column":4}},"8":{"start":{"line":3,"column":13},"end":{"line":3,"column":30}}},"fnMap":{"0":{"name":"(anonymous_1)","decl":{"start":{"line":3,"column":30},"end":{"line":3,"column":31}},"loc":{"start":{"line":3,"column":62},"end":{"line":34,"column":1}}}},"branchMap":{"0":{"loc":{"start":{"line":3,"column":42},"end":{"line":3,"column":49}},"type":"cond-expr","locations":[{"start":{"line":3,"column":45},"end":{"line":3,"column":47}},{"start":{"line":3,"column":47},"end":{"line":3,"column":49}}]},"1":{"loc":{"start":{"line":3,"column":53},"end":{"line":3,"column":62}},"type":"cond-expr","locations":[{"start":{"line":3,"column":56},"end":{"line":3,"column":60}},{"start":{"line":3,"column":60},"end":{"line":3,"column":62}}]}},"s":{"0":1,"1":1,"2":0,"3":0,"4":0,"5":0,"6":0,"7":0,"8":1},"f":{"0":0},"b":{"0":[0,0],"1":[0,0]}}
}
