TN:
SF:src/components/ManualViewer.tsx
FN:15,(anonymous_22)
FN:31,(anonymous_23)
FN:33,(anonymous_24)
FN:45,(anonymous_27)
FN:48,(anonymous_28)
FN:51,(anonymous_29)
FN:51,(anonymous_30)
FN:65,(anonymous_32)
FN:96,(anonymous_33)
FN:127,(anonymous_34)
FN:142,(anonymous_35)
FN:145,(anonymous_36)
FNF:12
FNH:3
FNDA:3,(anonymous_22)
FNDA:1,(anonymous_23)
FNDA:2,(anonymous_24)
FNDA:0,(anonymous_27)
FNDA:0,(anonymous_28)
FNDA:0,(anonymous_29)
FNDA:0,(anonymous_30)
FNDA:0,(anonymous_32)
FNDA:0,(anonymous_33)
FNDA:0,(anonymous_34)
FNDA:0,(anonymous_35)
FNDA:0,(anonymous_36)
DA:1,1
DA:2,1
DA:3,1
DA:4,1
DA:6,1
DA:7,1
DA:15,3
DA:16,2
DA:17,2
DA:18,2
DA:19,2
DA:20,2
DA:22,2
DA:23,0
DA:31,2
DA:32,1
DA:33,2
DA:34,1
DA:39,1
DA:40,1
DA:42,1
DA:45,2
DA:46,0
DA:47,0
DA:48,0
DA:51,2
DA:52,0
DA:53,0
DA:55,0
DA:56,0
DA:57,0
DA:59,0
DA:60,0
DA:61,0
DA:62,0
DA:63,0
DA:64,0
DA:65,0
DA:68,0
DA:69,0
DA:70,0
DA:72,0
DA:73,0
DA:80,0
DA:82,0
DA:87,0
DA:89,0
DA:91,0
DA:95,2
DA:97,0
DA:101,2
DA:127,0
DA:142,0
DA:145,0
LF:54
LH:24
BRDA:22,0,0,0
BRDA:22,0,1,2
BRDA:32,1,0,0
BRDA:32,1,1,1
BRDA:34,2,0,1
BRDA:39,3,0,0
BRDA:39,3,1,1
BRDA:40,4,0,1
BRDA:40,4,1,0
BRDA:55,5,0,0
BRDA:55,5,1,0
BRDA:55,6,0,0
BRDA:55,6,1,0
BRDA:56,7,0,0
BRDA:56,7,1,0
BRDA:57,8,0,0
BRDA:57,8,1,0
BRDA:62,9,0,0
BRDA:62,9,1,0
BRDA:70,10,0,0
BRDA:70,10,1,0
BRDA:72,11,0,0
BRDA:72,11,1,0
BRDA:75,12,0,0
BRDA:75,12,1,0
BRDA:75,13,0,0
BRDA:75,13,1,0
BRDA:75,14,0,0
BRDA:75,14,1,0
BRDA:80,15,0,0
BRDA:80,15,1,0
BRDA:87,16,0,0
BRDA:87,16,1,0
BRDA:89,17,0,0
BRDA:89,17,1,0
BRDA:97,18,0,0
BRDA:97,18,1,0
BRDA:97,18,2,0
BRDA:116,19,0,0
BRDA:116,19,1,2
BRDA:120,20,0,2
BRDA:120,20,1,0
BRDA:131,21,0,2
BRDA:131,21,1,0
BRDA:136,22,0,2
BRDA:136,22,1,0
BRF:46
BRH:9
end_of_record
TN:
SF:src/components/ui/LoadingSpinner.tsx
FN:3,(anonymous_1)
FNF:1
FNH:0
FNDA:0,(anonymous_1)
DA:1,1
DA:3,1
DA:4,0
DA:10,0
LF:4
LH:2
BRDA:3,0,0,0
BRDA:3,0,1,0
BRDA:3,1,0,0
BRDA:3,1,1,0
BRF:4
BRH:0
end_of_record
